 # collection statistics
           6           0
          16           0
          26           0
          36           0
          46           0
          56           0
          66           0
          76           0
          86           0
          96           0
         106           0
         116           0
         126           0
         136           0
         146           0
         156           0
         166           0
         176           0
         186           0
         196           0
         206           0
         216           0
         226           0
         236           0
         246           0
         256           0
         266           0
         276           0
         286           0
         296           0
         306           0
         316           0
         326           0
         336           0
         346           0
         356           0
         366           0
         376           0
         386           0
         396           0
         406           0
         416           0
         426           0
         436           0
         446           0
         456           0
         466           0
         476           0
         486           0
         496           0
         506           0
         516           0
         526           0
         536           0
         546           0
         556           0
         566           0
         576           0
         586           0
         596           0
         606           0
         616           0
         626           0
         636           0
         646           0
         656           0
         666           0
         676           0
         686           0
         696           0
         706           0
         716           0
         726           0
         736           0
         746           0
         756           0
         766           0
         776           0
         786           0
         796           0
         806           0
         816           0
         826           0
         836           0
         846           0
         856           0
         866           0
         876           0
         886           0
         896           0
         906           0
         916           0
         926           0
         936           0
         946           0
         956           0
         966           0
         976           0
         986           0
         996           0
        1006           0
        1016           0
        1026           0
        1036           0
        1046           0
        1056           0
        1066           0
        1076           0
        1086           0
        1096           0
        1106           0
        1116           0
        1126           0
        1136           0
        1146           0
        1156           0
        1166           0
        1176           0
        1186           0
        1196           0
        1206           0
        1216           0
        1226           0
        1236           0
        1246           0
        1256           0
        1266           0
        1276           0
        1286           0
        1296           0
        1306           0
        1316           0
        1326           0
        1336           0
        1346           0
        1356           0
        1366           0
        1376           0
        1386           0
        1396           0
        1406           0
        1416           0
        1426           0
        1436           0
        1446           0
        1456           0
        1466           0
        1476           0
        1486           0
        1496           0
        1506           0
        1516           0
        1526           0
        1536           0
        1546           0
        1556           0
        1566           0
        1576           0
        1586           0
        1596           0
        1606           0
        1616           0
        1626           0
        1636           0
        1646           0
        1656           0
        1666           0
        1676           0
        1686           0
        1696           0
        1706           0
        1716           0
        1726           0
        1736           0
        1746           0
        1756           0
        1766           0
        1776           0
        1786           0
        1796           0
        1806           0
        1816           0
        1826           0
        1836           0
        1846           0
        1856           0
        1866           0
        1876           0
        1886           0
        1896           0
        1906           0
        1916           0
        1926           0
        1936           0
        1946           0
        1956           0
        1966           0
        1976           0
        1986           0
        1996           0
        2006           0
        2016           0
        2026           0
        2036           0
        2046           0
        2056           0
        2066           0
        2076           0
        2086           0
        2096           0
        2106           0
        2116           0
        2126           0
        2136           0
        2146           0
        2156           0
        2166           0
        2176           0
        2186           0
        2196           0
        2206           0
        2216           0
        2226           0
        2236           0
        2246           0
        2256           0
        2266           0
        2276           0
        2286           0
        2296           0
        2306           0
        2316           0
        2326           0
        2336           0
        2346           0
        2356           0
        2366           0
        2376           0
        2386           0
        2396           0
        2406           0
        2416           0
        2426           0
        2436           0
        2446           0
        2456           0
        2466           0
        2476           0
        2486           0
        2496           0
        2506           0
        2516           0
        2526           0
        2536           0
        2546           0
        2556           0
        2566           0
        2576           0
        2586           0
        2596           0
        2606           0
        2616           0
        2626           0
        2636           0
        2646           0
        2656           0
        2666           0
        2676           0
        2686           0
        2696           0
        2706           0
        2716           0
        2726           0
        2736           0
        2746           0
        2756           0
        2766           0
        2776           0
        2786           0
        2796           0
        2806           0
        2816           0
        2826           0
        2836           0
        2846           0
        2856           0
        2866           0
        2876           0
        2886           0
        2896           0
        2906           0
        2916           0
        2926           0
        2936           0
        2946           0
        2956           0
        2966           0
        2976           0
        2986           0
        2996           0
        3006           0
        3016           0
        3026           0
        3036           0
        3046           0
        3056           0
        3066           0
        3076           0
        3086           0
        3096           0
        3106           0
        3116           0
        3126           0
        3136           0
        3146           0
        3156           0
        3166           0
        3176           0
        3186           0
        3196           0
        3206           0
        3216           0
        3226           0
        3236           0
        3246           0
        3256           0
        3266           0
        3276           0
        3286           0
        3296           0
        3306           0
        3316           0
        3326           0
        3336           0
        3346           0
        3356           0
        3366           0
        3376           0
        3386           0
        3396           0
        3406           0
        3416           0
        3426           0
        3436           0
        3446           0
        3456           0
        3466           0
        3476           0
        3486           0
        3496           0
        3506           0
        3516           0
        3526           0
        3536           0
        3546           0
        3556           0
        3566           0
        3576           0
        3586           0
        3596           0
        3606           0
        3616           0
        3626           0
        3636           0
        3646           0
        3656           0
        3666           0
        3676           0
        3686           0
        3696           0
        3706           0
        3716           0
        3726           0
        3736           0
        3746           0
        3756           0
        3766           0
        3776           0
        3786           0
        3796           0
        3806           0
        3816           0
        3826           0
        3836           0
        3846           0
        3856           0
        3866           0
        3876           0
        3886           0
        3896           0
        3906           0
        3916           0
        3926           0
        3936           0
        3946           0
        3956           0
        3966           0
        3976           0
        3986           0
        3996           0
        4006           0
        4016           0
        4026           0
        4036           0
        4046           0
        4056           0
        4066           0
        4076           0
        4086           0
        4096           0
        4106           0
        4116           0
        4126           0
        4136           0
        4146           0
        4156           0
        4166           0
        4176           0
        4186           0
        4196           0
        4206           0
        4216           0
        4226           0
        4236           0
        4246           0
        4256           0
        4266           0
        4276           0
        4286           0
        4296           0
        4306           0
        4316           0
        4326           0
        4336           0
        4346           0
        4356           0
        4366           0
        4376           0
        4386           0
        4396           0
        4406           0
        4416           0
        4426           0
        4436           0
        4446           0
        4456           0
        4466           0
        4476           0
        4486           0
        4496           0
        4506           0
        4516           0
        4526           0
        4536           0
        4546           0
        4556           0
        4566           0
        4576           0
        4586           0
        4596           0
        4606           0
        4616           0
        4626           0
        4636           0
        4646           0
        4656           0
        4666           0
        4676           0
        4686           0
        4696           0
        4706           0
        4716           0
        4726           0
        4736           0
        4746           0
        4756           0
        4766           0
        4776           0
        4786           0
        4796           0
        4806           0
        4816           0
        4826           0
        4836           0
        4846           0
        4856           0
        4866           0
        4876           0
        4886           0
        4896           0
        4906           0
        4916           0
        4926           0
        4936           0
        4946           0
        4956           0
        4966           0
        4976           0
        4986           0
        4996           0
        5006           0
        5016           0
        5026           0
        5036           0
        5046           0
        5056           0
        5066           0
        5076           0
        5086           0
        5096           0
        5106           0
        5116           0
        5126           0
        5136           0
        5146           0
        5156           0
        5166           0
        5176           0
        5186           0
        5196           0
        5206           0
        5216           0
        5226           0
        5236           0
        5246           0
        5256           0
        5266           0
        5276           0
        5286           0
        5296           0
        5306           0
        5316           0
        5326           0
        5336           0
        5346           0
        5356           0
        5366           0
        5376           0
        5386           0
        5396           0
        5406           0
        5416           0
        5426           0
        5436           0
        5446           0
        5456           0
        5466           0
        5476           0
        5486           0
        5496           0
        5506           0
        5516           0
        5526           0
        5536           0
        5546           0
        5556           0
        5566           0
        5576           0
        5586           0
        5596           0
        5606           0
        5616           0
        5626           0
        5636           0
        5646           0
        5656           0
        5666           0
        5676           0
        5686           0
        5696           0
        5706           0
        5716           0
        5726           0
        5736           0
        5746           0
        5756           0
        5766           0
        5776           0
        5786           0
        5796           0
        5806           0
        5816           0
        5826           0
        5836           0
        5846           0
        5856           0
        5866           0
        5876           0
        5886           0
        5896           0
        5906           0
        5916           0
        5926           0
        5936           0
        5946           0
        5956           0
        5966           0
        5976           0
        5986           0
        5996           0
        6006           0
        6016           0
        6026           0
        6036           0
        6046           0
        6056           0
        6066           0
        6076           0
        6086           0
        6096           0
        6106           0
        6116           0
        6126           0
        6136           0
        6146           0
        6156           0
        6166           0
        6176           0
        6186           0
        6196           0
        6206           0
        6216           0
        6226           0
        6236           0
        6246           0
        6256           0
        6266           0
        6276           0
        6286           0
        6296           0
        6306           0
        6316           0
        6326           0
        6336           0
        6346           0
        6356           0
        6366           0
        6376           0
        6386           0
        6396           0
        6406           0
        6416           0
        6426           0
        6436           0
        6446           0
        6456           0
        6466           0
        6476           0
        6486           0
        6496           0
        6506           0
        6516           0
        6526           0
        6536           0
        6546           0
        6556           0
        6566           0
        6576           0
        6586           0
        6596           0
        6606           0
        6616           0
        6626           0
        6636           0
        6646           0
        6656           0
        6666           0
        6676           0
        6686           0
        6696           0
        6706           0
        6716           0
        6726           0
        6736           0
        6746           0
        6756           0
        6766           0
        6776           0
        6786           0
        6796           0
        6806           0
        6816           0
        6826           0
        6836           0
        6846           0
        6856           0
        6866           0
        6876           0
        6886           0
        6896           0
        6906           0
        6916           0
        6926           0
        6936           0
        6946           0
        6956           0
        6966           0
        6976           0
        6986           0
        6996           0
        7006           0
        7016           0
        7026           0
        7036           0
        7046           0
        7056           0
        7066           0
        7076           0
        7086           0
        7096           0
        7106           0
        7116           0
        7126           0
        7136           0
        7146           0
        7156           0
        7166           0
        7176           0
        7186           0
        7196           0
        7206           0
        7216           0
        7226           0
        7236           0
        7246           0
        7256           0
        7266           0
        7276           0
        7286           0
        7296           0
        7306           0
        7316           0
        7326           0
        7336           0
        7346           0
        7356           0
        7366           0
        7376           0
        7386           0
        7396           0
        7406           0
        7416           0
        7426           0
        7436           0
        7446           0
        7456           0
        7466           0
        7476           0
        7486           0
        7496           0
        7506           0
        7516           0
        7526           0
        7536           0
        7546           0
        7556           0
        7566           0
        7576           0
        7586           0
        7596           0
        7606           0
        7616           0
        7626           0
        7636           0
        7646           0
        7656           0
        7666           0
        7676           0
        7686           0
        7696           0
        7706           0
        7716           0
        7726           0
        7736           0
        7746           0
        7756           0
        7766           0
        7776           0
        7786           0
        7796           0
        7806           0
        7816           0
        7826           0
        7836           0
        7846           0
        7856           0
        7866           0
        7876           0
        7886           0
        7896           0
        7906           0
        7916           0
        7926           0
        7936           0
        7946           0
        7956           0
        7966           0
        7976           0
        7986           0
        7996           0
        8006           0
        8016           0
        8026           0
        8036           0
        8046           0
        8056           0
        8066           0
        8076           0
        8086           0
        8096           0
        8106           0
        8116           0
        8126           0
        8136           0
        8146           0
        8156           0
        8166           0
        8176           0
        8186           0
        8196           0
        8206           0
        8216           0
        8226           0
        8236           0
        8246           0
        8256           0
        8266           0
        8276           0
        8286           0
        8296           0
        8306           0
        8316           0
        8326           0
        8336           0
        8346           0
        8356           0
        8366           0
        8376           0
        8386           0
        8396           0
        8406           0
        8416           0
        8426           0
        8436           0
        8446           0
        8456           0
        8466           0
        8476           0
        8486           0
        8496           0
        8506           0
        8516           0
        8526           0
        8536           0
        8546           0
        8556           0
        8566           0
        8576           0
        8586           0
        8596           0
        8606           0
        8616           0
        8626           0
        8636           0
        8646           0
        8656           0
        8666           0
        8676           0
        8686           0
        8696           0
        8706           0
        8716           0
        8726           0
        8736           0
        8746           0
        8756           0
        8766           0
        8776           0
        8786           0
        8796           0
        8806           0
        8816           0
        8826           0
        8836           0
        8846           0
        8856           0
        8866           0
        8876           0
        8886           0
        8896           0
        8906           0
        8916           0
        8926           0
        8936           0
        8946           0
        8956           0
        8966           0
        8976           0
        8986           0
        8996           0
        9006           0
        9016           0
        9026           0
        9036           0
        9046           0
        9056           0
        9066           0
        9076           0
        9086           0
        9096           0
        9106           0
        9116           0
        9126           0
        9136           0
        9146           0
        9156           0
        9166           0
        9176           0
        9186           0
        9196           0
        9206           0
        9216           0
        9226           0
        9236           0
        9246           0
        9256           0
        9266           0
        9276           0
        9286           0
        9296           0
        9306           0
        9316           0
        9326           0
        9336           0
        9346           0
        9356           0
        9366           0
        9376           0
        9386           0
        9396           0
        9406           0
        9416           0
        9426           0
        9436           0
        9446           0
        9456           0
        9466           0
        9476           0
        9486           0
        9496           0
        9506           0
        9516           0
        9526           0
        9536           0
        9546           0
        9556           0
        9566           0
        9576           0
        9586           0
        9596           0
        9606           0
        9616           0
        9626           0
        9636           0
        9646           0
        9656           0
        9666           0
        9676           0
        9686           0
        9696           0
        9706           0
        9716           0
        9726           0
        9736           0
        9746           0
        9756           0
        9766           0
        9776           0
        9786           0
        9796           0
        9806           0
        9816           0
        9826           0
        9836           0
        9846           0
        9856           0
        9866           0
        9876           0
        9886           0
        9896           0
        9906           0
        9916           0
        9926           0
        9936           0
        9946           0
        9956           0
        9966           0
        9976           0
        9986           0
 # total       840586           0
