 Case options:
           1           3           1           2
 dii statistics:
 # of histories                                         7083
 # of primaries in phosphor                     5100
 optical photons (on average)          547.8639    
 optical photons (total)                       2794106
 absorbed                                   42985
 killed in surface                        1257895
 counted                                  1268451
 photons emerged outside screen            224775
 total number of scattering events         114862
 mean # scatterings per histories      4.1108675E-02
 mean # absorptions per histories      1.5384169E-02
 mean distance per history (cm)        2.050518815857183E-002
 time/track (seconds)[real-time]       2.046439451473924E-004
 collection efficiency [%]              45.39738    
 lost somewhere (just checking)                 0
 Swank factor            0.994179767522289     +/- -2.440797562496516E-004
 m0,m1,m2          5100     1268451   317330849.000000     
 m1/histories (light output per xray)    248.715882352941     
 xm/total histories (interaction eff)   0.7200339    
 estimated FWHM                             92.99999    
